<?xml version="1.0" encoding="UTF-8"?>
<!-- Generated by org.testng.reporters.JUnitReportReporter -->
<testsuite hostname="VIGNESHRAJIV" failures="0" tests="1" name="practice.AddToCartTest" time="0.031" errors="0" timestamp="2022-09-16T08:27:36 IST" skipped="0">
  <testcase classname="practice.AddToCartTest" name="addToCart" time="0.031"/>
  <system-out/>
</testsuite> <!-- practice.AddToCartTest -->
